current directory: C:/Users/Abu Talha/Desktop/RUBY/ruby-exercises/ruby_exercises/ruby/3.2.0/gems/psych-5.1.1.1/ext/psych
C:/Ruby32-x64/bin/ruby.exe extconf.rb
checking for yaml.h... yes
checking for yaml_get_version() in -lyaml... yes
creating Makefile

current directory: C:/Users/Abu Talha/Desktop/RUBY/ruby-exercises/ruby_exercises/ruby/3.2.0/gems/psych-5.1.1.1/ext/psych
make DESTDIR\= sitearchdir\=./.gem.20231204-58780-1ufsfp sitelibdir\=./.gem.20231204-58780-1ufsfp clean
cd libyaml && make clean
bash.exe: warning: could not find /tmp, please create!
/bin/sh: line 1: cd: libyaml: No such file or directory
make: [Makefile:287: clean-so] Error 1 (ignored)
bash.exe: warning: could not find /tmp, please create!

current directory: C:/Users/Abu Talha/Desktop/RUBY/ruby-exercises/ruby_exercises/ruby/3.2.0/gems/psych-5.1.1.1/ext/psych
make DESTDIR\= sitearchdir\=./.gem.20231204-58780-1ufsfp sitelibdir\=./.gem.20231204-58780-1ufsfp
generating psych-x64-mingw-ucrt.def
bash.exe: warning: could not find /tmp, please create!
compiling psych.c
compiling psych_emitter.c
compiling psych_parser.c
compiling psych_to_ruby.c
compiling psych_yaml_tree.c
linking shared-object psych.so

current directory: C:/Users/Abu Talha/Desktop/RUBY/ruby-exercises/ruby_exercises/ruby/3.2.0/gems/psych-5.1.1.1/ext/psych
make DESTDIR\= sitearchdir\=./.gem.20231204-58780-1ufsfp sitelibdir\=./.gem.20231204-58780-1ufsfp install
bash.exe: warning: could not find /tmp, please create!
/usr/bin/install -c -m 0755 psych.so ./.gem.20231204-58780-1ufsfp

current directory: C:/Users/Abu Talha/Desktop/RUBY/ruby-exercises/ruby_exercises/ruby/3.2.0/gems/psych-5.1.1.1/ext/psych
make DESTDIR\= sitearchdir\=./.gem.20231204-58780-1ufsfp sitelibdir\=./.gem.20231204-58780-1ufsfp clean
cd libyaml && make clean
bash.exe: warning: could not find /tmp, please create!
/bin/sh: line 1: cd: libyaml: No such file or directory
make: [Makefile:287: clean-so] Error 1 (ignored)
bash.exe: warning: could not find /tmp, please create!
